{"/Users/veronikadrozd/digital_wardrobe_777/src/utils/wardrobe.ts": {"path":"/Users/veronikadrozd/digital_wardrobe_777/src/utils/wardrobe.ts","statementMap":{"0":{"start":{"line":11,"column":2},"end":{"line":11,"column":null}},"1":{"start":{"line":15,"column":2},"end":{"line":15,"column":null}},"2":{"start":{"line":15,"column":30},"end":{"line":15,"column":52}},"3":{"start":{"line":19,"column":29},"end":{"line":19,"column":null}},"4":{"start":{"line":20,"column":2},"end":{"line":20,"column":null}},"5":{"start":{"line":20,"column":42},"end":{"line":20,"column":54}}},"fnMap":{"0":{"name":"calculateTotalItems","decl":{"start":{"line":10,"column":16},"end":{"line":10,"column":36}},"loc":{"start":{"line":10,"column":58},"end":{"line":12,"column":null}},"line":10},"1":{"name":"filterItemsBySeason","decl":{"start":{"line":14,"column":16},"end":{"line":14,"column":36}},"loc":{"start":{"line":14,"column":66},"end":{"line":16,"column":null}},"line":14},"2":{"name":"(anonymous_2)","decl":{"start":{"line":15,"column":15},"end":{"line":15,"column":22}},"loc":{"start":{"line":15,"column":30},"end":{"line":15,"column":52}},"line":15},"3":{"name":"isValidClothingItem","decl":{"start":{"line":18,"column":16},"end":{"line":18,"column":36}},"loc":{"start":{"line":18,"column":56},"end":{"line":21,"column":null}},"line":18},"4":{"name":"(anonymous_4)","decl":{"start":{"line":20,"column":28},"end":{"line":20,"column":34}},"loc":{"start":{"line":20,"column":42},"end":{"line":20,"column":54}},"line":20}},"branchMap":{},"s":{"0":1,"1":1,"2":3,"3":1,"4":1,"5":3},"f":{"0":1,"1":1,"2":3,"3":1,"4":3},"b":{},"meta":{"lastBranch":0,"lastFunction":5,"lastStatement":6,"seen":{"f:10:16:10:36":0,"s:11:2:11:Infinity":0,"f:14:16:14:36":1,"s:15:2:15:Infinity":1,"f:15:15:15:22":2,"s:15:30:15:52":2,"f:18:16:18:36":3,"s:19:29:19:Infinity":3,"s:20:2:20:Infinity":4,"f:20:28:20:34":4,"s:20:42:20:54":5},"fnNames":{}}}
}
